<?xml version="1.0" encoding="UTF-8"?>
<testsuite xmlns:xsi="http://www.w3.org/2001/XMLSchema-instance" xsi:noNamespaceSchemaLocation="https://maven.apache.org/surefire/maven-surefire-plugin/xsd/surefire-test-report-3.0.xsd" version="3.0" name="com.email.writer.EmailWriterBackendApplicationTests" time="7.821" tests="1" errors="0" skipped="0" failures="0">
  <properties>
[...]
</properties>
  <testcase name="contextLoads" classname="com.email.writer.EmailWriterBackendApplicationTests" time="0.608">
    <system-out><![CDATA[14:33:31.282 [main] INFO org.springframework.test.context.support.AnnotationConfigContextLoaderUtils -- Could not detect default configuration classes for test class [com.email.writer.EmailWriterBackendApplicationTests]: EmailWriterBackendApplicationTests does not declare any static, non-private, non-final, nested classes annotated with @Configuration.
14:33:31.388 [main] INFO org.springframework.boot.test.context.SpringBootTestContextBootstrapper -- Found @SpringBootConfiguration com.email.writer.EmailWriterBackendApplication for test class com.email.writer.EmailWriterBackendApplicationTests

  .   ____          _            __ _ _
 /\\ / ___'_ __ _ _(_)_ __  __ _ \ \ \ \
( ( )\___ | '_ | '_| | '_ \/ _` | \ \ \ \
 \\/  ___)| |_)| | | | | || (_| |  ) ) ) )
  '  |____| .__|_| |_|_| |_\__, | / / / /
 =========|_|==============|___/=/_/_/_/
 :: Spring Boot ::                (v3.2.3)

2025-09-13T14:33:31.863+05:30  INFO 17904 --- [           main] c.e.w.EmailWriterBackendApplicationTests : Starting EmailWriterBackendApplicationTests using Java 17.0.12 with PID 17904 (started by LAKSHAYA in C:\Users\LAKSHAYA\Desktop\CODING\java\Projects\Smart Email Assistant\Backend\email-writer-backend)
2025-09-13T14:33:31.864+05:30 DEBUG 17904 --- [           main] c.e.w.EmailWriterBackendApplicationTests : Running with Spring Boot v3.2.3, Spring v6.1.4
2025-09-13T14:33:31.865+05:30  INFO 17904 --- [           main] c.e.w.EmailWriterBackendApplicationTests : The following 1 profile is active: "dev"
2025-09-13T14:33:32.497+05:30  INFO 17904 --- [           main] .s.d.r.c.RepositoryConfigurationDelegate : Bootstrapping Spring Data JPA repositories in DEFAULT mode.
2025-09-13T14:33:32.641+05:30  INFO 17904 --- [           main] .s.d.r.c.RepositoryConfigurationDelegate : Finished Spring Data repository scanning in 134 ms. Found 2 JPA repository interfaces.
2025-09-13T14:33:33.515+05:30  INFO 17904 --- [           main] o.hibernate.jpa.internal.util.LogHelper  : HHH000204: Processing PersistenceUnitInfo [name: default]
2025-09-13T14:33:33.603+05:30  INFO 17904 --- [           main] org.hibernate.Version                    : HHH000412: Hibernate ORM core version 6.4.4.Final
2025-09-13T14:33:33.656+05:30  INFO 17904 --- [           main] o.h.c.internal.RegionFactoryInitiator    : HHH000026: Second-level cache disabled
2025-09-13T14:33:34.027+05:30  INFO 17904 --- [           main] o.s.o.j.p.SpringPersistenceUnitInfo      : No LoadTimeWeaver setup: ignoring JPA class transformer
2025-09-13T14:33:34.062+05:30  INFO 17904 --- [           main] com.zaxxer.hikari.HikariDataSource       : HikariPool-1 - Starting...
2025-09-13T14:33:34.268+05:30  INFO 17904 --- [           main] com.zaxxer.hikari.pool.HikariPool        : HikariPool-1 - Added connection com.mysql.cj.jdbc.ConnectionImpl@7d3c22a5
2025-09-13T14:33:34.271+05:30  INFO 17904 --- [           main] com.zaxxer.hikari.HikariDataSource       : HikariPool-1 - Start completed.
2025-09-13T14:33:34.333+05:30  WARN 17904 --- [           main] org.hibernate.orm.deprecation            : HHH90000025: MySQL8Dialect does not need to be specified explicitly using 'hibernate.dialect' (remove the property setting and it will be selected by default)
2025-09-13T14:33:34.334+05:30  WARN 17904 --- [           main] org.hibernate.orm.deprecation            : HHH90000026: MySQL8Dialect has been deprecated; use org.hibernate.dialect.MySQLDialect instead
2025-09-13T14:33:35.439+05:30  INFO 17904 --- [           main] o.h.e.t.j.p.i.JtaPlatformInitiator       : HHH000489: No JTA platform available (set 'hibernate.transaction.jta.platform' to enable JTA platform integration)
2025-09-13T14:33:35.520+05:30  INFO 17904 --- [           main] j.LocalContainerEntityManagerFactoryBean : Initialized JPA EntityManagerFactory for persistence unit 'default'
2025-09-13T14:33:36.535+05:30  INFO 17904 --- [           main] o.s.d.j.r.query.QueryEnhancerFactory     : Hibernate is in classpath; If applicable, HQL parser will be used.
2025-09-13T14:33:37.453+05:30  WARN 17904 --- [           main] JpaBaseConfiguration$JpaWebConfiguration : spring.jpa.open-in-view is enabled by default. Therefore, database queries may be performed during view rendering. Explicitly configure spring.jpa.open-in-view to disable this warning
2025-09-13T14:33:37.837+05:30  INFO 17904 --- [           main] o.s.s.web.DefaultSecurityFilterChain     : Will secure any request with [org.springframework.security.web.session.DisableEncodeUrlFilter@23685592, org.springframework.security.web.context.request.async.WebAsyncManagerIntegrationFilter@495590a7, org.springframework.security.web.context.SecurityContextHolderFilter@b0f9c63, org.springframework.security.web.header.HeaderWriterFilter@34327638, org.springframework.web.filter.CorsFilter@9b195c4, org.springframework.security.web.authentication.logout.LogoutFilter@35d36423, com.email.writer.security.JwtAuthenticationFilter@62c1259f, org.springframework.security.web.savedrequest.RequestCacheAwareFilter@48f3210f, org.springframework.security.web.servletapi.SecurityContextHolderAwareRequestFilter@24c6f389, org.springframework.security.web.authentication.AnonymousAuthenticationFilter@60d5c16, org.springframework.security.web.session.SessionManagementFilter@53033e05, org.springframework.security.web.access.ExceptionTranslationFilter@4a3ebba6, org.springframework.security.web.access.intercept.AuthorizationFilter@41e5664e]
2025-09-13T14:33:38.290+05:30  INFO 17904 --- [           main] c.e.w.EmailWriterBackendApplicationTests : Started EmailWriterBackendApplicationTests in 6.725 seconds (process running for 7.788)
]]></system-out>
  </testcase>
</testsuite>